09:43:43:289  WARN 84420 --- [restartedMain] c.a.nacos.client.logging.NacosLogging    : Load Logback Configuration of Nacos fail, message: Could not initialize Logback Nacos logging from classpath:nacos-logback.xml
09:43:43:368  WARN 84420 --- [restartedMain] c.a.nacos.client.logging.NacosLogging    : Load Logback Configuration of Nacos fail, message: Could not initialize Logback Nacos logging from classpath:nacos-logback.xml
09:43:43:377  INFO 84420 --- [restartedMain] com.univolunteer.user.UserApplication    : Starting UserApplication using Java 17.0.7 with PID 84420 (D:\IDEA_Project\UniVolunteer\service-user\target\classes started by 05MYX in D:\IDEA_Project\UniVolunteer)
09:43:43:378  INFO 84420 --- [restartedMain] com.univolunteer.user.UserApplication    : The following 1 profile is active: "local"
09:43:43:444  INFO 84420 --- [restartedMain] .e.DevToolsPropertyDefaultsPostProcessor : Devtools property defaults active! Set 'spring.devtools.add-properties' to 'false' to disable
09:43:43:444  INFO 84420 --- [restartedMain] .e.DevToolsPropertyDefaultsPostProcessor : For additional web related logging consider setting the 'logging.level.web' property to 'DEBUG'
09:43:44:503  INFO 84420 --- [restartedMain] .s.d.r.c.RepositoryConfigurationDelegate : Multiple Spring Data modules found, entering strict repository configuration mode
09:43:44:508  INFO 84420 --- [restartedMain] .s.d.r.c.RepositoryConfigurationDelegate : Bootstrapping Spring Data Redis repositories in DEFAULT mode.
09:43:44:542  INFO 84420 --- [restartedMain] .s.d.r.c.RepositoryConfigurationDelegate : Finished Spring Data repository scanning in 20 ms. Found 0 Redis repository interfaces.
09:43:44:799  INFO 84420 --- [restartedMain] o.s.cloud.context.scope.GenericScope     : BeanFactory id=3ffd900f-4f5f-33d1-992e-e5cfab30f191
09:43:45:355  INFO 84420 --- [restartedMain] o.s.b.w.embedded.tomcat.TomcatWebServer  : Tomcat initialized with port(s): 8081 (http)
09:43:45:369  INFO 84420 --- [restartedMain] o.apache.catalina.core.StandardService   : Starting service [Tomcat]
09:43:45:369  INFO 84420 --- [restartedMain] o.apache.catalina.core.StandardEngine    : Starting Servlet engine: [Apache Tomcat/10.1.16]
09:43:45:452  INFO 84420 --- [restartedMain] o.a.c.c.C.[Tomcat].[localhost].[/]       : Initializing Spring embedded WebApplicationContext
09:43:45:452  INFO 84420 --- [restartedMain] w.s.c.ServletWebServerApplicationContext : Root WebApplicationContext: initialization completed in 2007 ms
09:43:46:039  INFO 84420 --- [restartedMain] c.u.c.c.UserContextInterceptorConfig     : ✅ 加载了 UserContextInterceptorConfig 自动配置
09:43:46:426  INFO 84420 --- [restartedMain] o.s.s.web.DefaultSecurityFilterChain     : Will secure any request with [org.springframework.security.web.session.DisableEncodeUrlFilter@27a75581, org.springframework.security.web.context.request.async.WebAsyncManagerIntegrationFilter@7e5472f5, org.springframework.security.web.context.SecurityContextHolderFilter@3973f009, org.springframework.security.web.header.HeaderWriterFilter@66a81a09, org.springframework.security.web.authentication.logout.LogoutFilter@443a1d8c, org.springframework.security.web.authentication.UsernamePasswordAuthenticationFilter@52e06b5e, org.springframework.security.web.authentication.ui.DefaultLoginPageGeneratingFilter@5c982321, org.springframework.security.web.authentication.ui.DefaultLogoutPageGeneratingFilter@710055ad, org.springframework.security.web.savedrequest.RequestCacheAwareFilter@376160a0, org.springframework.security.web.servletapi.SecurityContextHolderAwareRequestFilter@3234e95, org.springframework.security.web.authentication.AnonymousAuthenticationFilter@5df5cf26, org.springframework.security.web.access.ExceptionTranslationFilter@ea87e4f, org.springframework.security.web.access.intercept.AuthorizationFilter@2804ebf1]
09:43:47:470  INFO 84420 --- [restartedMain] o.s.b.d.a.OptionalLiveReloadServer       : LiveReload server is running on port 35729
09:43:47:706  INFO 84420 --- [restartedMain] o.s.b.w.embedded.tomcat.TomcatWebServer  : Tomcat started on port(s): 8081 (http) with context path ''
09:43:47:714  WARN 84420 --- [restartedMain] c.a.nacos.client.logging.NacosLogging    : Load Logback Configuration of Nacos fail, message: Could not initialize Logback Nacos logging from classpath:nacos-logback.xml
09:43:47:714  INFO 84420 --- [restartedMain] com.alibaba.nacos.client.naming          : initializer namespace from ans.namespace attribute : null
09:43:47:714  INFO 84420 --- [restartedMain] com.alibaba.nacos.client.naming          : initializer namespace from ALIBABA_ALIWARE_NAMESPACE attribute :null
09:43:47:715  INFO 84420 --- [restartedMain] com.alibaba.nacos.client.naming          : initializer namespace from namespace attribute :null
09:43:47:739  INFO 84420 --- [restartedMain] c.alibaba.nacos.client.utils.ParamUtil   : [settings] [req-serv] nacos-server port:8848
09:43:47:739  INFO 84420 --- [restartedMain] c.alibaba.nacos.client.utils.ParamUtil   : [settings] [http-client] connect timeout:1000
09:43:47:741  INFO 84420 --- [restartedMain] c.alibaba.nacos.client.utils.ParamUtil   : PER_TASK_CONFIG_SIZE: 3000.0
09:43:47:745  INFO 84420 --- [restartedMain] c.a.n.p.a.s.c.ClientAuthPluginManager    : [ClientAuthPluginManager] Load ClientAuthService com.alibaba.nacos.client.auth.impl.NacosClientAuthServiceImpl success.
09:43:47:745  INFO 84420 --- [restartedMain] c.a.n.p.a.s.c.ClientAuthPluginManager    : [ClientAuthPluginManager] Load ClientAuthService com.alibaba.nacos.client.auth.ram.RamClientAuthServiceImpl success.
09:43:47:748  INFO 84420 --- [restartedMain] c.a.n.c.a.r.identify.CredentialWatcher   : null No credential found
09:43:47:761  INFO 84420 --- [restartedMain] com.alibaba.nacos.common.remote.client   : [RpcClientFactory] create a new rpc client of b318f644-e61e-4ecc-945e-d805dab2ab51
09:43:47:782  INFO 84420 --- [restartedMain] com.alibaba.nacos.common.remote.client   : [b318f644-e61e-4ecc-945e-d805dab2ab51] RpcClient init, ServerListFactory = com.alibaba.nacos.client.naming.core.ServerListManager
09:43:47:782  INFO 84420 --- [restartedMain] com.alibaba.nacos.common.remote.client   : [b318f644-e61e-4ecc-945e-d805dab2ab51] Registry connection listener to current client:com.alibaba.nacos.client.naming.remote.gprc.redo.NamingGrpcRedoService
09:43:47:782  INFO 84420 --- [restartedMain] com.alibaba.nacos.common.remote.client   : [b318f644-e61e-4ecc-945e-d805dab2ab51] Register server push request handler:com.alibaba.nacos.client.naming.remote.gprc.NamingPushRequestHandler
09:43:47:784  INFO 84420 --- [restartedMain] com.alibaba.nacos.common.remote.client   : [b318f644-e61e-4ecc-945e-d805dab2ab51] Try to connect to server on start up, server: {serverIp = '192.168.146.128', server main port = 8848}
09:43:47:814  INFO 84420 --- [restartedMain] c.a.n.c.remote.client.grpc.GrpcClient    : grpc client connection server:192.168.146.128 ip,serverPort:9848,grpcTslConfig:{"sslProvider":"OPENSSL","enableTls":false,"mutualAuthEnable":false,"trustAll":false}
09:43:48:933  INFO 84420 --- [restartedMain] com.alibaba.nacos.common.remote.client   : [b318f644-e61e-4ecc-945e-d805dab2ab51] Success to connect to server [192.168.146.128:8848] on start up, connectionId = 1743092583784_192.168.146.1_13540
09:43:48:933  INFO 84420 --- [com.alibaba.nacos.client.remote.worker] com.alibaba.nacos.common.remote.client   : [b318f644-e61e-4ecc-945e-d805dab2ab51] Notify connected event to listeners.
09:43:48:934  INFO 84420 --- [com.alibaba.nacos.client.remote.worker] com.alibaba.nacos.client.naming          : Grpc connection connect
09:43:48:934  INFO 84420 --- [restartedMain] com.alibaba.nacos.common.remote.client   : [b318f644-e61e-4ecc-945e-d805dab2ab51] Register server push request handler:com.alibaba.nacos.common.remote.client.RpcClient$ConnectResetRequestHandler
09:43:48:934  INFO 84420 --- [restartedMain] com.alibaba.nacos.common.remote.client   : [b318f644-e61e-4ecc-945e-d805dab2ab51] Register server push request handler:com.alibaba.nacos.common.remote.client.RpcClient$$Lambda$1209/0x000000080141e3f8
09:43:48:935  INFO 84420 --- [restartedMain] com.alibaba.nacos.client.naming          : [REGISTER-SERVICE] public registering service service-user with instance Instance{instanceId='null', ip='2.0.0.1', port=8081, weight=1.0, healthy=true, enabled=true, ephemeral=true, clusterName='DEFAULT', serviceName='null', metadata={IPv6=null, preserved.register.source=SPRING_CLOUD}}
09:43:49:009  INFO 84420 --- [restartedMain] c.a.c.n.registry.NacosServiceRegistry    : nacos registry, DEFAULT_GROUP service-user 2.0.0.1:8081 register finished
09:43:49:191  INFO 84420 --- [restartedMain] com.univolunteer.user.UserApplication    : Started UserApplication in 6.589 seconds (process running for 8.227)
09:44:32:620  INFO 84420 --- [http-nio-8081-exec-1] o.a.c.c.C.[Tomcat].[localhost].[/]       : Initializing Spring DispatcherServlet 'dispatcherServlet'
09:44:32:621  INFO 84420 --- [http-nio-8081-exec-1] o.s.web.servlet.DispatcherServlet        : Initializing Servlet 'dispatcherServlet'
09:44:32:623  INFO 84420 --- [http-nio-8081-exec-1] o.s.web.servlet.DispatcherServlet        : Completed initialization in 2 ms
09:44:32:645  WARN 84420 --- [http-nio-8081-exec-1] o.s.w.s.h.HandlerMappingIntrospector     : Cache miss for REQUEST dispatch to '/user/register' (previous null). Performing MatchableHandlerMapping lookup. This is logged once only at WARN level, and every time at TRACE.
09:50:40:906  INFO 84420 --- [File Watcher] rtingClassPathChangeChangedEventListener : Restarting due to 1 class path change (0 additions, 1 deletion, 0 modifications)
09:50:40:928  INFO 84420 --- [Thread-7] o.apache.catalina.core.StandardService   : Stopping service [Tomcat]
09:50:40:930  INFO 84420 --- [Thread-7] o.a.c.c.C.[Tomcat].[localhost].[/]       : Destroying Spring FrameworkServlet 'dispatcherServlet'
09:50:40:969  INFO 84420 --- [Thread-7] c.a.c.n.registry.NacosServiceRegistry    : De-registering from Nacos Server now...
09:50:40:970  INFO 84420 --- [Thread-7] com.alibaba.nacos.client.naming          : [DEREGISTER-SERVICE] public deregistering service service-user with instance: Instance{instanceId='null', ip='2.0.0.1', port=8081, weight=1.0, healthy=true, enabled=true, ephemeral=true, clusterName='DEFAULT', serviceName='null', metadata={}}
09:50:40:979  INFO 84420 --- [Thread-7] c.a.c.n.registry.NacosServiceRegistry    : De-registration finished.
09:50:40:980  INFO 84420 --- [Thread-7] com.alibaba.nacos.client.naming          : com.alibaba.nacos.client.naming.cache.ServiceInfoHolder do shutdown begin
09:50:40:980  INFO 84420 --- [Thread-7] com.alibaba.nacos.client.naming          : com.alibaba.nacos.client.naming.backups.FailoverReactor do shutdown begin
09:50:40:981  INFO 84420 --- [Thread-7] com.alibaba.nacos.client.naming          : com.alibaba.nacos.client.naming.backups.FailoverReactor do shutdown stop
09:50:40:981  INFO 84420 --- [Thread-7] com.alibaba.nacos.client.naming          : com.alibaba.nacos.client.naming.cache.ServiceInfoHolder do shutdown stop
09:50:40:981  INFO 84420 --- [Thread-7] com.alibaba.nacos.client.naming          : com.alibaba.nacos.client.naming.remote.NamingClientProxyDelegate do shutdown begin
09:50:40:981  INFO 84420 --- [Thread-7] com.alibaba.nacos.client.naming          : com.alibaba.nacos.client.naming.core.ServiceInfoUpdateService do shutdown begin
09:50:40:981  INFO 84420 --- [Thread-7] com.alibaba.nacos.client.naming          : com.alibaba.nacos.client.naming.core.ServiceInfoUpdateService do shutdown stop
09:50:40:981  INFO 84420 --- [Thread-7] com.alibaba.nacos.client.naming          : com.alibaba.nacos.client.naming.core.ServerListManager do shutdown begin
09:50:40:981  WARN 84420 --- [Thread-7] com.alibaba.nacos.client.naming          : [NamingHttpClientManager] Start destroying NacosRestTemplate
09:50:40:981  WARN 84420 --- [Thread-7] com.alibaba.nacos.client.naming          : [NamingHttpClientManager] Destruction of the end
09:50:40:981  INFO 84420 --- [Thread-7] com.alibaba.nacos.client.naming          : com.alibaba.nacos.client.naming.core.ServerListManager do shutdown stop
09:50:40:981  INFO 84420 --- [Thread-7] com.alibaba.nacos.client.naming          : com.alibaba.nacos.client.naming.remote.http.NamingHttpClientProxy do shutdown begin
09:50:40:982  WARN 84420 --- [Thread-7] com.alibaba.nacos.client.naming          : [NamingHttpClientManager] Start destroying NacosRestTemplate
09:50:40:982  WARN 84420 --- [Thread-7] com.alibaba.nacos.client.naming          : [NamingHttpClientManager] Destruction of the end
09:50:40:982  INFO 84420 --- [Thread-7] com.alibaba.nacos.client.naming          : com.alibaba.nacos.client.naming.remote.http.NamingHttpClientProxy do shutdown stop
09:50:40:982  INFO 84420 --- [Thread-7] com.alibaba.nacos.common.remote.client   : Shutdown rpc client, set status to shutdown
09:50:40:982  INFO 84420 --- [Thread-7] com.alibaba.nacos.common.remote.client   : Shutdown client event executor java.util.concurrent.ScheduledThreadPoolExecutor@598e16da[Running, pool size = 2, active threads = 2, queued tasks = 0, completed tasks = 0]
09:50:40:982  INFO 84420 --- [Thread-7] com.alibaba.nacos.common.remote.client   : Close current connection 1743092583784_192.168.146.1_13540
09:50:40:989  WARN 84420 --- [nacos-grpc-client-executor-192.168.146.128-136] c.a.n.c.remote.client.grpc.GrpcClient    : [1743092583784_192.168.146.1_13540]Ignore error event,isRunning:false,isAbandon=false
09:50:40:992  INFO 84420 --- [Thread-7] c.a.n.c.remote.client.grpc.GrpcClient    : Shutdown grpc executor java.util.concurrent.ThreadPoolExecutor@2fe08b2c[Running, pool size = 5, active threads = 0, queued tasks = 0, completed tasks = 137]
09:50:40:993  INFO 84420 --- [Thread-7] com.alibaba.nacos.client.naming          : Shutdown grpc redo service executor java.util.concurrent.ScheduledThreadPoolExecutor@7e5e3fba[Running, pool size = 1, active threads = 0, queued tasks = 1, completed tasks = 137]
09:50:40:994  INFO 84420 --- [Thread-7] c.a.n.c.a.r.identify.CredentialWatcher   : [null] CredentialWatcher is stopped
09:50:40:994  INFO 84420 --- [Thread-7] c.a.n.c.a.r.identify.CredentialService   : [null] CredentialService is freed
09:50:40:994  INFO 84420 --- [Thread-7] com.alibaba.nacos.client.naming          : com.alibaba.nacos.client.naming.remote.NamingClientProxyDelegate do shutdown stop
09:50:41:386  WARN 84420 --- [restartedMain] c.a.nacos.client.logging.NacosLogging    : Load Logback Configuration of Nacos fail, message: Could not initialize Logback Nacos logging from classpath:nacos-logback.xml
09:50:41:390  WARN 84420 --- [restartedMain] c.a.nacos.client.logging.NacosLogging    : Load Logback Configuration of Nacos fail, message: Could not initialize Logback Nacos logging from classpath:nacos-logback.xml
09:50:41:393  INFO 84420 --- [restartedMain] com.univolunteer.user.UserApplication    : Starting UserApplication using Java 17.0.7 with PID 84420 (D:\IDEA_Project\UniVolunteer\service-user\target\classes started by 05MYX in D:\IDEA_Project\UniVolunteer)
09:50:41:394  INFO 84420 --- [restartedMain] com.univolunteer.user.UserApplication    : The following 1 profile is active: "local"
09:50:41:745  INFO 84420 --- [restartedMain] .s.d.r.c.RepositoryConfigurationDelegate : Multiple Spring Data modules found, entering strict repository configuration mode
09:50:41:745  INFO 84420 --- [restartedMain] .s.d.r.c.RepositoryConfigurationDelegate : Bootstrapping Spring Data Redis repositories in DEFAULT mode.
09:50:41:750  INFO 84420 --- [restartedMain] .s.d.r.c.RepositoryConfigurationDelegate : Finished Spring Data repository scanning in 4 ms. Found 0 Redis repository interfaces.
09:50:41:805  INFO 84420 --- [restartedMain] o.s.cloud.context.scope.GenericScope     : BeanFactory id=e8cefa97-ca97-375f-8664-f31220ea3b21
09:50:41:856  INFO 84420 --- [restartedMain] o.s.b.w.embedded.tomcat.TomcatWebServer  : Tomcat initialized with port(s): 8081 (http)
09:50:41:857  INFO 84420 --- [restartedMain] o.apache.catalina.core.StandardService   : Starting service [Tomcat]
09:50:41:857  INFO 84420 --- [restartedMain] o.apache.catalina.core.StandardEngine    : Starting Servlet engine: [Apache Tomcat/10.1.16]
09:50:41:874  INFO 84420 --- [restartedMain] o.a.c.c.C.[Tomcat].[localhost].[/]       : Initializing Spring embedded WebApplicationContext
09:50:41:875  INFO 84420 --- [restartedMain] w.s.c.ServletWebServerApplicationContext : Root WebApplicationContext: initialization completed in 478 ms
09:50:41:908  WARN 84420 --- [restartedMain] ConfigServletWebServerApplicationContext : Exception encountered during context initialization - cancelling refresh attempt: org.springframework.beans.factory.UnsatisfiedDependencyException: Error creating bean with name 'userController' defined in file [D:\IDEA_Project\UniVolunteer\service-user\target\classes\com\univolunteer\user\controller\UserController.class]: Unsatisfied dependency expressed through constructor parameter 0: No qualifying bean of type 'org.springframework.security.authentication.AuthenticationManager' available: expected at least 1 bean which qualifies as autowire candidate. Dependency annotations: {}
09:50:41:910  INFO 84420 --- [restartedMain] o.apache.catalina.core.StandardService   : Stopping service [Tomcat]
09:50:41:919  INFO 84420 --- [restartedMain] .s.b.a.l.ConditionEvaluationReportLogger : 

Error starting ApplicationContext. To display the condition evaluation report re-run your application with 'debug' enabled.
09:50:41:951 ERROR 84420 --- [restartedMain] o.s.b.d.LoggingFailureAnalysisReporter   : 

***************************
APPLICATION FAILED TO START
***************************

Description:

Parameter 0 of constructor in com.univolunteer.user.controller.UserController required a bean of type 'org.springframework.security.authentication.AuthenticationManager' that could not be found.


Action:

Consider defining a bean of type 'org.springframework.security.authentication.AuthenticationManager' in your configuration.

09:50:43:633  WARN 84420 --- [restartedMain] c.a.nacos.client.logging.NacosLogging    : Load Logback Configuration of Nacos fail, message: Could not initialize Logback Nacos logging from classpath:nacos-logback.xml
09:50:43:635  WARN 84420 --- [restartedMain] c.a.nacos.client.logging.NacosLogging    : Load Logback Configuration of Nacos fail, message: Could not initialize Logback Nacos logging from classpath:nacos-logback.xml
09:50:43:636  INFO 84420 --- [restartedMain] com.univolunteer.user.UserApplication    : Starting UserApplication using Java 17.0.7 with PID 84420 (D:\IDEA_Project\UniVolunteer\service-user\target\classes started by 05MYX in D:\IDEA_Project\UniVolunteer)
09:50:43:636  INFO 84420 --- [restartedMain] com.univolunteer.user.UserApplication    : The following 1 profile is active: "local"
09:50:43:876  INFO 84420 --- [restartedMain] .s.d.r.c.RepositoryConfigurationDelegate : Multiple Spring Data modules found, entering strict repository configuration mode
09:50:43:876  INFO 84420 --- [restartedMain] .s.d.r.c.RepositoryConfigurationDelegate : Bootstrapping Spring Data Redis repositories in DEFAULT mode.
09:50:43:882  INFO 84420 --- [restartedMain] .s.d.r.c.RepositoryConfigurationDelegate : Finished Spring Data repository scanning in 6 ms. Found 0 Redis repository interfaces.
09:50:43:948  INFO 84420 --- [restartedMain] o.s.cloud.context.scope.GenericScope     : BeanFactory id=3ffd900f-4f5f-33d1-992e-e5cfab30f191
09:50:43:991  INFO 84420 --- [restartedMain] o.s.b.w.embedded.tomcat.TomcatWebServer  : Tomcat initialized with port(s): 8081 (http)
09:50:43:992  INFO 84420 --- [restartedMain] o.apache.catalina.core.StandardService   : Starting service [Tomcat]
09:50:43:992  INFO 84420 --- [restartedMain] o.apache.catalina.core.StandardEngine    : Starting Servlet engine: [Apache Tomcat/10.1.16]
09:50:44:007  INFO 84420 --- [restartedMain] o.a.c.c.C.[Tomcat-1].[localhost].[/]     : Initializing Spring embedded WebApplicationContext
09:50:44:007  INFO 84420 --- [restartedMain] w.s.c.ServletWebServerApplicationContext : Root WebApplicationContext: initialization completed in 369 ms
09:50:44:112  INFO 84420 --- [restartedMain] c.u.c.c.UserContextInterceptorConfig     : ✅ 加载了 UserContextInterceptorConfig 自动配置
09:50:44:131  INFO 84420 --- [restartedMain] o.s.s.web.DefaultSecurityFilterChain     : Will secure any request with [org.springframework.security.web.session.DisableEncodeUrlFilter@17ac6ac3, org.springframework.security.web.context.request.async.WebAsyncManagerIntegrationFilter@29e5e30a, org.springframework.security.web.context.SecurityContextHolderFilter@556759ec, org.springframework.security.web.header.HeaderWriterFilter@26195439, org.springframework.security.web.authentication.logout.LogoutFilter@15157c40, org.springframework.security.web.savedrequest.RequestCacheAwareFilter@55335def, org.springframework.security.web.servletapi.SecurityContextHolderAwareRequestFilter@1686c4aa, org.springframework.security.web.authentication.AnonymousAuthenticationFilter@47340ed9, org.springframework.security.web.access.ExceptionTranslationFilter@35ded506, org.springframework.security.web.access.intercept.AuthorizationFilter@7a05ab56]
09:50:44:561  INFO 84420 --- [restartedMain] o.s.b.d.a.OptionalLiveReloadServer       : LiveReload server is running on port 35729
09:50:44:756  INFO 84420 --- [restartedMain] o.s.b.w.embedded.tomcat.TomcatWebServer  : Tomcat started on port(s): 8081 (http) with context path ''
09:50:44:757  INFO 84420 --- [restartedMain] com.alibaba.nacos.client.naming          : initializer namespace from ans.namespace attribute : null
09:50:44:757  INFO 84420 --- [restartedMain] com.alibaba.nacos.client.naming          : initializer namespace from ALIBABA_ALIWARE_NAMESPACE attribute :null
09:50:44:757  INFO 84420 --- [restartedMain] com.alibaba.nacos.client.naming          : initializer namespace from namespace attribute :null
09:50:44:758  INFO 84420 --- [restartedMain] c.a.n.p.a.s.c.ClientAuthPluginManager    : [ClientAuthPluginManager] Load ClientAuthService com.alibaba.nacos.client.auth.impl.NacosClientAuthServiceImpl success.
09:50:44:758  INFO 84420 --- [restartedMain] c.a.n.p.a.s.c.ClientAuthPluginManager    : [ClientAuthPluginManager] Load ClientAuthService com.alibaba.nacos.client.auth.ram.RamClientAuthServiceImpl success.
09:50:44:759  INFO 84420 --- [restartedMain] c.a.n.c.a.r.identify.CredentialWatcher   : null No credential found
09:50:44:759  INFO 84420 --- [restartedMain] com.alibaba.nacos.common.remote.client   : [RpcClientFactory] create a new rpc client of 31ddbd5a-87ce-4bb9-aaeb-7398d406ecd6
09:50:44:760  INFO 84420 --- [restartedMain] com.alibaba.nacos.common.remote.client   : [31ddbd5a-87ce-4bb9-aaeb-7398d406ecd6] RpcClient init, ServerListFactory = com.alibaba.nacos.client.naming.core.ServerListManager
09:50:44:760  INFO 84420 --- [restartedMain] com.alibaba.nacos.common.remote.client   : [31ddbd5a-87ce-4bb9-aaeb-7398d406ecd6] Registry connection listener to current client:com.alibaba.nacos.client.naming.remote.gprc.redo.NamingGrpcRedoService
09:50:44:760  INFO 84420 --- [restartedMain] com.alibaba.nacos.common.remote.client   : [31ddbd5a-87ce-4bb9-aaeb-7398d406ecd6] Register server push request handler:com.alibaba.nacos.client.naming.remote.gprc.NamingPushRequestHandler
09:50:44:760  INFO 84420 --- [restartedMain] com.alibaba.nacos.common.remote.client   : [31ddbd5a-87ce-4bb9-aaeb-7398d406ecd6] Try to connect to server on start up, server: {serverIp = '192.168.146.128', server main port = 8848}
09:50:44:760  INFO 84420 --- [restartedMain] c.a.n.c.remote.client.grpc.GrpcClient    : grpc client connection server:192.168.146.128 ip,serverPort:9848,grpcTslConfig:{"sslProvider":"OPENSSL","enableTls":false,"mutualAuthEnable":false,"trustAll":false}
09:50:44:917  INFO 84420 --- [restartedMain] com.alibaba.nacos.common.remote.client   : [31ddbd5a-87ce-4bb9-aaeb-7398d406ecd6] Success to connect to server [192.168.146.128:8848] on start up, connectionId = 1743093034547_192.168.146.1_7177
09:50:44:917  INFO 84420 --- [restartedMain] com.alibaba.nacos.common.remote.client   : [31ddbd5a-87ce-4bb9-aaeb-7398d406ecd6] Register server push request handler:com.alibaba.nacos.common.remote.client.RpcClient$ConnectResetRequestHandler
09:50:44:917  INFO 84420 --- [com.alibaba.nacos.client.remote.worker] com.alibaba.nacos.common.remote.client   : [31ddbd5a-87ce-4bb9-aaeb-7398d406ecd6] Notify connected event to listeners.
09:50:44:917  INFO 84420 --- [restartedMain] com.alibaba.nacos.common.remote.client   : [31ddbd5a-87ce-4bb9-aaeb-7398d406ecd6] Register server push request handler:com.alibaba.nacos.common.remote.client.RpcClient$$Lambda$1209/0x000000080141e3f8
09:50:44:917  INFO 84420 --- [com.alibaba.nacos.client.remote.worker] com.alibaba.nacos.client.naming          : Grpc connection connect
09:50:44:917  INFO 84420 --- [restartedMain] com.alibaba.nacos.client.naming          : [REGISTER-SERVICE] public registering service service-user with instance Instance{instanceId='null', ip='2.0.0.1', port=8081, weight=1.0, healthy=true, enabled=true, ephemeral=true, clusterName='DEFAULT', serviceName='null', metadata={IPv6=null, preserved.register.source=SPRING_CLOUD}}
09:50:44:925  INFO 84420 --- [restartedMain] c.a.c.n.registry.NacosServiceRegistry    : nacos registry, DEFAULT_GROUP service-user 2.0.0.1:8081 register finished
09:50:45:085  INFO 84420 --- [restartedMain] com.univolunteer.user.UserApplication    : Started UserApplication in 1.684 seconds (process running for 424.12)
09:50:45:088  INFO 84420 --- [restartedMain] .ConditionEvaluationDeltaLoggingListener : Condition evaluation unchanged
09:51:35:856  INFO 84420 --- [File Watcher] rtingClassPathChangeChangedEventListener : Restarting due to 1 class path change (0 additions, 1 deletion, 0 modifications)
09:51:35:876  INFO 84420 --- [Thread-17] o.apache.catalina.core.StandardService   : Stopping service [Tomcat]
09:51:35:883  INFO 84420 --- [Thread-17] c.a.c.n.registry.NacosServiceRegistry    : De-registering from Nacos Server now...
09:51:35:883  INFO 84420 --- [Thread-17] com.alibaba.nacos.client.naming          : [DEREGISTER-SERVICE] public deregistering service service-user with instance: Instance{instanceId='null', ip='2.0.0.1', port=8081, weight=1.0, healthy=true, enabled=true, ephemeral=true, clusterName='DEFAULT', serviceName='null', metadata={}}
09:51:35:891  INFO 84420 --- [Thread-17] c.a.c.n.registry.NacosServiceRegistry    : De-registration finished.
09:51:35:891  INFO 84420 --- [Thread-17] com.alibaba.nacos.client.naming          : com.alibaba.nacos.client.naming.cache.ServiceInfoHolder do shutdown begin
09:51:35:891  INFO 84420 --- [Thread-17] com.alibaba.nacos.client.naming          : com.alibaba.nacos.client.naming.backups.FailoverReactor do shutdown begin
09:51:35:891  INFO 84420 --- [Thread-17] com.alibaba.nacos.client.naming          : com.alibaba.nacos.client.naming.backups.FailoverReactor do shutdown stop
09:51:35:891  INFO 84420 --- [Thread-17] com.alibaba.nacos.client.naming          : com.alibaba.nacos.client.naming.cache.ServiceInfoHolder do shutdown stop
09:51:35:891  INFO 84420 --- [Thread-17] com.alibaba.nacos.client.naming          : com.alibaba.nacos.client.naming.remote.NamingClientProxyDelegate do shutdown begin
09:51:35:891  INFO 84420 --- [Thread-17] com.alibaba.nacos.client.naming          : com.alibaba.nacos.client.naming.core.ServiceInfoUpdateService do shutdown begin
09:51:35:891  INFO 84420 --- [Thread-17] com.alibaba.nacos.client.naming          : com.alibaba.nacos.client.naming.core.ServiceInfoUpdateService do shutdown stop
09:51:35:891  INFO 84420 --- [Thread-17] com.alibaba.nacos.client.naming          : com.alibaba.nacos.client.naming.core.ServerListManager do shutdown begin
09:51:35:891  WARN 84420 --- [Thread-17] com.alibaba.nacos.client.naming          : [NamingHttpClientManager] Start destroying NacosRestTemplate
09:51:35:892  WARN 84420 --- [Thread-17] com.alibaba.nacos.client.naming          : [NamingHttpClientManager] Destruction of the end
09:51:35:892  INFO 84420 --- [Thread-17] com.alibaba.nacos.client.naming          : com.alibaba.nacos.client.naming.core.ServerListManager do shutdown stop
09:51:35:892  INFO 84420 --- [Thread-17] com.alibaba.nacos.client.naming          : com.alibaba.nacos.client.naming.remote.http.NamingHttpClientProxy do shutdown begin
09:51:35:892  WARN 84420 --- [Thread-17] com.alibaba.nacos.client.naming          : [NamingHttpClientManager] Start destroying NacosRestTemplate
09:51:35:892  WARN 84420 --- [Thread-17] com.alibaba.nacos.client.naming          : [NamingHttpClientManager] Destruction of the end
09:51:35:892  INFO 84420 --- [Thread-17] com.alibaba.nacos.client.naming          : com.alibaba.nacos.client.naming.remote.http.NamingHttpClientProxy do shutdown stop
09:51:35:892  INFO 84420 --- [Thread-17] com.alibaba.nacos.common.remote.client   : Shutdown rpc client, set status to shutdown
09:51:35:892  INFO 84420 --- [Thread-17] com.alibaba.nacos.common.remote.client   : Shutdown client event executor java.util.concurrent.ScheduledThreadPoolExecutor@712d249a[Running, pool size = 2, active threads = 2, queued tasks = 0, completed tasks = 0]
09:51:35:892  INFO 84420 --- [Thread-17] com.alibaba.nacos.common.remote.client   : Close current connection 1743093034547_192.168.146.1_7177
09:51:35:892  INFO 84420 --- [Thread-17] c.a.n.c.remote.client.grpc.GrpcClient    : Shutdown grpc executor java.util.concurrent.ThreadPoolExecutor@1c234012[Running, pool size = 4, active threads = 1, queued tasks = 0, completed tasks = 19]
09:51:35:892  INFO 84420 --- [Thread-17] com.alibaba.nacos.client.naming          : Shutdown grpc redo service executor java.util.concurrent.ScheduledThreadPoolExecutor@4b2bef8[Running, pool size = 1, active threads = 0, queued tasks = 1, completed tasks = 16]
09:51:35:893  INFO 84420 --- [Thread-17] c.a.n.c.a.r.identify.CredentialWatcher   : [null] CredentialWatcher is stopped
09:51:35:893  INFO 84420 --- [Thread-17] c.a.n.c.a.r.identify.CredentialService   : [null] CredentialService is freed
09:51:35:893  INFO 84420 --- [Thread-17] com.alibaba.nacos.client.naming          : com.alibaba.nacos.client.naming.remote.NamingClientProxyDelegate do shutdown stop
09:51:35:892  WARN 84420 --- [nacos-grpc-client-executor-192.168.146.128-19] c.a.n.c.remote.client.grpc.GrpcClient    : [1743093034547_192.168.146.1_7177]Ignore error event,isRunning:false,isAbandon=false
09:51:36:209  WARN 84420 --- [restartedMain] c.a.nacos.client.logging.NacosLogging    : Load Logback Configuration of Nacos fail, message: Could not initialize Logback Nacos logging from classpath:nacos-logback.xml
09:51:36:212  WARN 84420 --- [restartedMain] c.a.nacos.client.logging.NacosLogging    : Load Logback Configuration of Nacos fail, message: Could not initialize Logback Nacos logging from classpath:nacos-logback.xml
09:51:36:214  INFO 84420 --- [restartedMain] com.univolunteer.user.UserApplication    : Starting UserApplication using Java 17.0.7 with PID 84420 (D:\IDEA_Project\UniVolunteer\service-user\target\classes started by 05MYX in D:\IDEA_Project\UniVolunteer)
09:51:36:214  INFO 84420 --- [restartedMain] com.univolunteer.user.UserApplication    : The following 1 profile is active: "local"
09:51:36:508  INFO 84420 --- [restartedMain] .s.d.r.c.RepositoryConfigurationDelegate : Multiple Spring Data modules found, entering strict repository configuration mode
09:51:36:508  INFO 84420 --- [restartedMain] .s.d.r.c.RepositoryConfigurationDelegate : Bootstrapping Spring Data Redis repositories in DEFAULT mode.
09:51:36:513  INFO 84420 --- [restartedMain] .s.d.r.c.RepositoryConfigurationDelegate : Finished Spring Data repository scanning in 5 ms. Found 0 Redis repository interfaces.
09:51:36:572  INFO 84420 --- [restartedMain] o.s.cloud.context.scope.GenericScope     : BeanFactory id=3ffd900f-4f5f-33d1-992e-e5cfab30f191
09:51:36:610  INFO 84420 --- [restartedMain] o.s.b.w.embedded.tomcat.TomcatWebServer  : Tomcat initialized with port(s): 8081 (http)
09:51:36:610  INFO 84420 --- [restartedMain] o.apache.catalina.core.StandardService   : Starting service [Tomcat]
09:51:36:610  INFO 84420 --- [restartedMain] o.apache.catalina.core.StandardEngine    : Starting Servlet engine: [Apache Tomcat/10.1.16]
09:51:36:625  INFO 84420 --- [restartedMain] o.a.c.c.C.[Tomcat-1].[localhost].[/]     : Initializing Spring embedded WebApplicationContext
09:51:36:625  INFO 84420 --- [restartedMain] w.s.c.ServletWebServerApplicationContext : Root WebApplicationContext: initialization completed in 409 ms
09:51:36:804  INFO 84420 --- [restartedMain] c.u.c.c.UserContextInterceptorConfig     : ✅ 加载了 UserContextInterceptorConfig 自动配置
09:51:36:864  INFO 84420 --- [restartedMain] o.s.s.web.DefaultSecurityFilterChain     : Will secure any request with [org.springframework.security.web.session.DisableEncodeUrlFilter@63dbdbf8, org.springframework.security.web.context.request.async.WebAsyncManagerIntegrationFilter@559cce16, org.springframework.security.web.context.SecurityContextHolderFilter@78265dfb, org.springframework.security.web.header.HeaderWriterFilter@55580728, org.springframework.security.web.authentication.logout.LogoutFilter@6f610ed, org.springframework.security.web.savedrequest.RequestCacheAwareFilter@70f4345f, org.springframework.security.web.servletapi.SecurityContextHolderAwareRequestFilter@59016842, org.springframework.security.web.authentication.AnonymousAuthenticationFilter@ee36a9f, org.springframework.security.web.access.ExceptionTranslationFilter@6a68769d, org.springframework.security.web.access.intercept.AuthorizationFilter@560bb64]
09:51:37:503  INFO 84420 --- [restartedMain] o.s.b.d.a.OptionalLiveReloadServer       : LiveReload server is running on port 35729
09:51:37:756  INFO 84420 --- [restartedMain] o.s.b.w.embedded.tomcat.TomcatWebServer  : Tomcat started on port(s): 8081 (http) with context path ''
09:51:37:757  INFO 84420 --- [restartedMain] com.alibaba.nacos.client.naming          : initializer namespace from ans.namespace attribute : null
09:51:37:757  INFO 84420 --- [restartedMain] com.alibaba.nacos.client.naming          : initializer namespace from ALIBABA_ALIWARE_NAMESPACE attribute :null
09:51:37:757  INFO 84420 --- [restartedMain] com.alibaba.nacos.client.naming          : initializer namespace from namespace attribute :null
09:51:37:757  INFO 84420 --- [restartedMain] c.a.n.p.a.s.c.ClientAuthPluginManager    : [ClientAuthPluginManager] Load ClientAuthService com.alibaba.nacos.client.auth.impl.NacosClientAuthServiceImpl success.
09:51:37:757  INFO 84420 --- [restartedMain] c.a.n.p.a.s.c.ClientAuthPluginManager    : [ClientAuthPluginManager] Load ClientAuthService com.alibaba.nacos.client.auth.ram.RamClientAuthServiceImpl success.
09:51:37:758  INFO 84420 --- [restartedMain] c.a.n.c.a.r.identify.CredentialWatcher   : null No credential found
09:51:37:758  INFO 84420 --- [restartedMain] com.alibaba.nacos.common.remote.client   : [RpcClientFactory] create a new rpc client of 63d23fa7-aa6d-4548-9439-5473027153fe
09:51:37:758  INFO 84420 --- [restartedMain] com.alibaba.nacos.common.remote.client   : [63d23fa7-aa6d-4548-9439-5473027153fe] RpcClient init, ServerListFactory = com.alibaba.nacos.client.naming.core.ServerListManager
09:51:37:758  INFO 84420 --- [restartedMain] com.alibaba.nacos.common.remote.client   : [63d23fa7-aa6d-4548-9439-5473027153fe] Registry connection listener to current client:com.alibaba.nacos.client.naming.remote.gprc.redo.NamingGrpcRedoService
09:51:37:758  INFO 84420 --- [restartedMain] com.alibaba.nacos.common.remote.client   : [63d23fa7-aa6d-4548-9439-5473027153fe] Register server push request handler:com.alibaba.nacos.client.naming.remote.gprc.NamingPushRequestHandler
09:51:37:759  INFO 84420 --- [restartedMain] com.alibaba.nacos.common.remote.client   : [63d23fa7-aa6d-4548-9439-5473027153fe] Try to connect to server on start up, server: {serverIp = '192.168.146.128', server main port = 8848}
09:51:37:760  INFO 84420 --- [restartedMain] c.a.n.c.remote.client.grpc.GrpcClient    : grpc client connection server:192.168.146.128 ip,serverPort:9848,grpcTslConfig:{"sslProvider":"OPENSSL","enableTls":false,"mutualAuthEnable":false,"trustAll":false}
09:51:37:898  INFO 84420 --- [restartedMain] com.alibaba.nacos.common.remote.client   : [63d23fa7-aa6d-4548-9439-5473027153fe] Success to connect to server [192.168.146.128:8848] on start up, connectionId = 1743093091937_192.168.146.1_8733
09:51:37:898  INFO 84420 --- [restartedMain] com.alibaba.nacos.common.remote.client   : [63d23fa7-aa6d-4548-9439-5473027153fe] Register server push request handler:com.alibaba.nacos.common.remote.client.RpcClient$ConnectResetRequestHandler
09:51:37:898  INFO 84420 --- [restartedMain] com.alibaba.nacos.common.remote.client   : [63d23fa7-aa6d-4548-9439-5473027153fe] Register server push request handler:com.alibaba.nacos.common.remote.client.RpcClient$$Lambda$1209/0x000000080141e3f8
09:51:37:898  INFO 84420 --- [restartedMain] com.alibaba.nacos.client.naming          : [REGISTER-SERVICE] public registering service service-user with instance Instance{instanceId='null', ip='2.0.0.1', port=8081, weight=1.0, healthy=true, enabled=true, ephemeral=true, clusterName='DEFAULT', serviceName='null', metadata={IPv6=null, preserved.register.source=SPRING_CLOUD}}
09:51:37:898  INFO 84420 --- [com.alibaba.nacos.client.remote.worker] com.alibaba.nacos.common.remote.client   : [63d23fa7-aa6d-4548-9439-5473027153fe] Notify connected event to listeners.
09:51:37:898  INFO 84420 --- [com.alibaba.nacos.client.remote.worker] com.alibaba.nacos.client.naming          : Grpc connection connect
09:51:37:905  INFO 84420 --- [restartedMain] c.a.c.n.registry.NacosServiceRegistry    : nacos registry, DEFAULT_GROUP service-user 2.0.0.1:8081 register finished
09:51:38:131  INFO 84420 --- [restartedMain] com.univolunteer.user.UserApplication    : Started UserApplication in 2.172 seconds (process running for 477.165)
09:51:38:132  INFO 84420 --- [restartedMain] .ConditionEvaluationDeltaLoggingListener : Condition evaluation unchanged
09:51:54:319  WARN 84420 --- [Thread-10] c.a.nacos.common.notify.NotifyCenter     : [NotifyCenter] Start destroying Publisher
09:51:54:319  WARN 84420 --- [Thread-13] c.a.n.common.http.HttpClientBeanHolder   : [HttpClientBeanHolder] Start destroying common HttpClient
09:51:54:320  WARN 84420 --- [Thread-10] c.a.nacos.common.notify.NotifyCenter     : [NotifyCenter] Destruction of the end
09:51:54:321  WARN 84420 --- [Thread-13] c.a.n.common.http.HttpClientBeanHolder   : [HttpClientBeanHolder] Destruction of the end
09:51:54:337  INFO 84420 --- [SpringApplicationShutdownHook] c.a.c.n.registry.NacosServiceRegistry    : De-registering from Nacos Server now...
09:51:54:337  INFO 84420 --- [SpringApplicationShutdownHook] com.alibaba.nacos.client.naming          : [DEREGISTER-SERVICE] public deregistering service service-user with instance: Instance{instanceId='null', ip='2.0.0.1', port=8081, weight=1.0, healthy=true, enabled=true, ephemeral=true, clusterName='DEFAULT', serviceName='null', metadata={}}
09:51:54:343  INFO 84420 --- [SpringApplicationShutdownHook] c.a.c.n.registry.NacosServiceRegistry    : De-registration finished.
09:51:54:343  INFO 84420 --- [SpringApplicationShutdownHook] com.alibaba.nacos.client.naming          : com.alibaba.nacos.client.naming.cache.ServiceInfoHolder do shutdown begin
09:51:54:343  INFO 84420 --- [SpringApplicationShutdownHook] com.alibaba.nacos.client.naming          : com.alibaba.nacos.client.naming.backups.FailoverReactor do shutdown begin
09:51:54:343  INFO 84420 --- [SpringApplicationShutdownHook] com.alibaba.nacos.client.naming          : com.alibaba.nacos.client.naming.backups.FailoverReactor do shutdown stop
09:51:54:343  INFO 84420 --- [SpringApplicationShutdownHook] com.alibaba.nacos.client.naming          : com.alibaba.nacos.client.naming.cache.ServiceInfoHolder do shutdown stop
09:51:54:343  INFO 84420 --- [SpringApplicationShutdownHook] com.alibaba.nacos.client.naming          : com.alibaba.nacos.client.naming.remote.NamingClientProxyDelegate do shutdown begin
09:51:54:343  INFO 84420 --- [SpringApplicationShutdownHook] com.alibaba.nacos.client.naming          : com.alibaba.nacos.client.naming.core.ServiceInfoUpdateService do shutdown begin
09:51:54:343  INFO 84420 --- [SpringApplicationShutdownHook] com.alibaba.nacos.client.naming          : com.alibaba.nacos.client.naming.core.ServiceInfoUpdateService do shutdown stop
09:51:54:343  INFO 84420 --- [SpringApplicationShutdownHook] com.alibaba.nacos.client.naming          : com.alibaba.nacos.client.naming.core.ServerListManager do shutdown begin
09:51:54:343  WARN 84420 --- [SpringApplicationShutdownHook] com.alibaba.nacos.client.naming          : [NamingHttpClientManager] Start destroying NacosRestTemplate
09:51:54:343  WARN 84420 --- [SpringApplicationShutdownHook] com.alibaba.nacos.client.naming          : [NamingHttpClientManager] Destruction of the end
09:51:54:343  INFO 84420 --- [SpringApplicationShutdownHook] com.alibaba.nacos.client.naming          : com.alibaba.nacos.client.naming.core.ServerListManager do shutdown stop
09:51:54:343  INFO 84420 --- [SpringApplicationShutdownHook] com.alibaba.nacos.client.naming          : com.alibaba.nacos.client.naming.remote.http.NamingHttpClientProxy do shutdown begin
09:51:54:343  WARN 84420 --- [SpringApplicationShutdownHook] com.alibaba.nacos.client.naming          : [NamingHttpClientManager] Start destroying NacosRestTemplate
09:51:54:343  WARN 84420 --- [SpringApplicationShutdownHook] com.alibaba.nacos.client.naming          : [NamingHttpClientManager] Destruction of the end
09:51:54:343  INFO 84420 --- [SpringApplicationShutdownHook] com.alibaba.nacos.client.naming          : com.alibaba.nacos.client.naming.remote.http.NamingHttpClientProxy do shutdown stop
09:51:54:343  INFO 84420 --- [SpringApplicationShutdownHook] com.alibaba.nacos.common.remote.client   : Shutdown rpc client, set status to shutdown
09:51:54:344  INFO 84420 --- [SpringApplicationShutdownHook] com.alibaba.nacos.common.remote.client   : Shutdown client event executor java.util.concurrent.ScheduledThreadPoolExecutor@650f6826[Running, pool size = 2, active threads = 2, queued tasks = 0, completed tasks = 0]
09:51:54:344  INFO 84420 --- [SpringApplicationShutdownHook] com.alibaba.nacos.common.remote.client   : Close current connection 1743093091937_192.168.146.1_8733
09:51:54:344  INFO 84420 --- [SpringApplicationShutdownHook] c.a.n.c.remote.client.grpc.GrpcClient    : Shutdown grpc executor java.util.concurrent.ThreadPoolExecutor@45619458[Running, pool size = 4, active threads = 1, queued tasks = 0, completed tasks = 10]
09:51:54:344  INFO 84420 --- [SpringApplicationShutdownHook] com.alibaba.nacos.client.naming          : Shutdown grpc redo service executor java.util.concurrent.ScheduledThreadPoolExecutor@eadf3c8[Running, pool size = 1, active threads = 0, queued tasks = 1, completed tasks = 5]
09:51:54:344  INFO 84420 --- [SpringApplicationShutdownHook] c.a.n.c.a.r.identify.CredentialWatcher   : [null] CredentialWatcher is stopped
09:51:54:344  INFO 84420 --- [SpringApplicationShutdownHook] c.a.n.c.a.r.identify.CredentialService   : [null] CredentialService is freed
09:51:54:345  INFO 84420 --- [SpringApplicationShutdownHook] com.alibaba.nacos.client.naming          : com.alibaba.nacos.client.naming.remote.NamingClientProxyDelegate do shutdown stop
09:51:54:345  WARN 84420 --- [nacos-grpc-client-executor-192.168.146.128-10] c.a.n.c.remote.client.grpc.GrpcClient    : [1743093091937_192.168.146.1_8733]Ignore error event,isRunning:false,isAbandon=false
09:51:58:029  WARN 84880 --- [restartedMain] c.a.nacos.client.logging.NacosLogging    : Load Logback Configuration of Nacos fail, message: Could not initialize Logback Nacos logging from classpath:nacos-logback.xml
09:51:58:088  WARN 84880 --- [restartedMain] c.a.nacos.client.logging.NacosLogging    : Load Logback Configuration of Nacos fail, message: Could not initialize Logback Nacos logging from classpath:nacos-logback.xml
09:51:58:096  INFO 84880 --- [restartedMain] com.univolunteer.user.UserApplication    : Starting UserApplication using Java 17.0.7 with PID 84880 (D:\IDEA_Project\UniVolunteer\service-user\target\classes started by 05MYX in D:\IDEA_Project\UniVolunteer)
09:51:58:097  INFO 84880 --- [restartedMain] com.univolunteer.user.UserApplication    : The following 1 profile is active: "local"
09:51:58:147  INFO 84880 --- [restartedMain] .e.DevToolsPropertyDefaultsPostProcessor : Devtools property defaults active! Set 'spring.devtools.add-properties' to 'false' to disable
09:51:58:147  INFO 84880 --- [restartedMain] .e.DevToolsPropertyDefaultsPostProcessor : For additional web related logging consider setting the 'logging.level.web' property to 'DEBUG'
09:51:58:897  INFO 84880 --- [restartedMain] .s.d.r.c.RepositoryConfigurationDelegate : Multiple Spring Data modules found, entering strict repository configuration mode
09:51:58:899  INFO 84880 --- [restartedMain] .s.d.r.c.RepositoryConfigurationDelegate : Bootstrapping Spring Data Redis repositories in DEFAULT mode.
09:51:58:926  INFO 84880 --- [restartedMain] .s.d.r.c.RepositoryConfigurationDelegate : Finished Spring Data repository scanning in 14 ms. Found 0 Redis repository interfaces.
09:51:59:131  INFO 84880 --- [restartedMain] o.s.cloud.context.scope.GenericScope     : BeanFactory id=3ffd900f-4f5f-33d1-992e-e5cfab30f191
09:51:59:571  INFO 84880 --- [restartedMain] o.s.b.w.embedded.tomcat.TomcatWebServer  : Tomcat initialized with port(s): 8081 (http)
09:51:59:579  INFO 84880 --- [restartedMain] o.apache.catalina.core.StandardService   : Starting service [Tomcat]
09:51:59:580  INFO 84880 --- [restartedMain] o.apache.catalina.core.StandardEngine    : Starting Servlet engine: [Apache Tomcat/10.1.16]
09:51:59:654  INFO 84880 --- [restartedMain] o.a.c.c.C.[Tomcat].[localhost].[/]       : Initializing Spring embedded WebApplicationContext
09:51:59:655  INFO 84880 --- [restartedMain] w.s.c.ServletWebServerApplicationContext : Root WebApplicationContext: initialization completed in 1506 ms
09:52:00:194  INFO 84880 --- [restartedMain] c.u.c.c.UserContextInterceptorConfig     : ✅ 加载了 UserContextInterceptorConfig 自动配置
09:52:00:342  INFO 84880 --- [restartedMain] o.s.s.web.DefaultSecurityFilterChain     : Will secure any request with [org.springframework.security.web.session.DisableEncodeUrlFilter@501132e, org.springframework.security.web.context.request.async.WebAsyncManagerIntegrationFilter@351fd8c4, org.springframework.security.web.context.SecurityContextHolderFilter@3fddeaed, org.springframework.security.web.header.HeaderWriterFilter@4d1f462, org.springframework.security.web.authentication.logout.LogoutFilter@1ec9e093, org.springframework.security.web.savedrequest.RequestCacheAwareFilter@4ce7d96e, org.springframework.security.web.servletapi.SecurityContextHolderAwareRequestFilter@53406f9d, org.springframework.security.web.authentication.AnonymousAuthenticationFilter@6c2336f3, org.springframework.security.web.access.ExceptionTranslationFilter@3fa5abeb, org.springframework.security.web.access.intercept.AuthorizationFilter@8471d2f]
09:52:01:341  INFO 84880 --- [restartedMain] o.s.b.d.a.OptionalLiveReloadServer       : LiveReload server is running on port 35729
09:52:01:578  INFO 84880 --- [restartedMain] o.s.b.w.embedded.tomcat.TomcatWebServer  : Tomcat started on port(s): 8081 (http) with context path ''
09:52:01:585  WARN 84880 --- [restartedMain] c.a.nacos.client.logging.NacosLogging    : Load Logback Configuration of Nacos fail, message: Could not initialize Logback Nacos logging from classpath:nacos-logback.xml
09:52:01:585  INFO 84880 --- [restartedMain] com.alibaba.nacos.client.naming          : initializer namespace from ans.namespace attribute : null
09:52:01:586  INFO 84880 --- [restartedMain] com.alibaba.nacos.client.naming          : initializer namespace from ALIBABA_ALIWARE_NAMESPACE attribute :null
09:52:01:587  INFO 84880 --- [restartedMain] com.alibaba.nacos.client.naming          : initializer namespace from namespace attribute :null
09:52:01:610  INFO 84880 --- [restartedMain] c.alibaba.nacos.client.utils.ParamUtil   : [settings] [req-serv] nacos-server port:8848
09:52:01:611  INFO 84880 --- [restartedMain] c.alibaba.nacos.client.utils.ParamUtil   : [settings] [http-client] connect timeout:1000
09:52:01:612  INFO 84880 --- [restartedMain] c.alibaba.nacos.client.utils.ParamUtil   : PER_TASK_CONFIG_SIZE: 3000.0
09:52:01:616  INFO 84880 --- [restartedMain] c.a.n.p.a.s.c.ClientAuthPluginManager    : [ClientAuthPluginManager] Load ClientAuthService com.alibaba.nacos.client.auth.impl.NacosClientAuthServiceImpl success.
09:52:01:616  INFO 84880 --- [restartedMain] c.a.n.p.a.s.c.ClientAuthPluginManager    : [ClientAuthPluginManager] Load ClientAuthService com.alibaba.nacos.client.auth.ram.RamClientAuthServiceImpl success.
09:52:01:620  INFO 84880 --- [restartedMain] c.a.n.c.a.r.identify.CredentialWatcher   : null No credential found
09:52:01:632  INFO 84880 --- [restartedMain] com.alibaba.nacos.common.remote.client   : [RpcClientFactory] create a new rpc client of 56c5ef14-1895-48fd-b109-893f596eaf3e
09:52:01:652  INFO 84880 --- [restartedMain] com.alibaba.nacos.common.remote.client   : [56c5ef14-1895-48fd-b109-893f596eaf3e] RpcClient init, ServerListFactory = com.alibaba.nacos.client.naming.core.ServerListManager
09:52:01:653  INFO 84880 --- [restartedMain] com.alibaba.nacos.common.remote.client   : [56c5ef14-1895-48fd-b109-893f596eaf3e] Registry connection listener to current client:com.alibaba.nacos.client.naming.remote.gprc.redo.NamingGrpcRedoService
09:52:01:654  INFO 84880 --- [restartedMain] com.alibaba.nacos.common.remote.client   : [56c5ef14-1895-48fd-b109-893f596eaf3e] Register server push request handler:com.alibaba.nacos.client.naming.remote.gprc.NamingPushRequestHandler
09:52:01:656  INFO 84880 --- [restartedMain] com.alibaba.nacos.common.remote.client   : [56c5ef14-1895-48fd-b109-893f596eaf3e] Try to connect to server on start up, server: {serverIp = '192.168.146.128', server main port = 8848}
09:52:01:682  INFO 84880 --- [restartedMain] c.a.n.c.remote.client.grpc.GrpcClient    : grpc client connection server:192.168.146.128 ip,serverPort:9848,grpcTslConfig:{"sslProvider":"OPENSSL","enableTls":false,"mutualAuthEnable":false,"trustAll":false}
09:52:02:773  INFO 84880 --- [restartedMain] com.alibaba.nacos.common.remote.client   : [56c5ef14-1895-48fd-b109-893f596eaf3e] Success to connect to server [192.168.146.128:8848] on start up, connectionId = 1743093118794_192.168.146.1_8753
09:52:02:775  INFO 84880 --- [com.alibaba.nacos.client.remote.worker] com.alibaba.nacos.common.remote.client   : [56c5ef14-1895-48fd-b109-893f596eaf3e] Notify connected event to listeners.
09:52:02:775  INFO 84880 --- [com.alibaba.nacos.client.remote.worker] com.alibaba.nacos.client.naming          : Grpc connection connect
09:52:02:775  INFO 84880 --- [restartedMain] com.alibaba.nacos.common.remote.client   : [56c5ef14-1895-48fd-b109-893f596eaf3e] Register server push request handler:com.alibaba.nacos.common.remote.client.RpcClient$ConnectResetRequestHandler
09:52:02:775  INFO 84880 --- [restartedMain] com.alibaba.nacos.common.remote.client   : [56c5ef14-1895-48fd-b109-893f596eaf3e] Register server push request handler:com.alibaba.nacos.common.remote.client.RpcClient$$Lambda$1193/0x0000000801417900
09:52:02:777  INFO 84880 --- [restartedMain] com.alibaba.nacos.client.naming          : [REGISTER-SERVICE] public registering service service-user with instance Instance{instanceId='null', ip='2.0.0.1', port=8081, weight=1.0, healthy=true, enabled=true, ephemeral=true, clusterName='DEFAULT', serviceName='null', metadata={IPv6=null, preserved.register.source=SPRING_CLOUD}}
09:52:02:795  INFO 84880 --- [restartedMain] c.a.c.n.registry.NacosServiceRegistry    : nacos registry, DEFAULT_GROUP service-user 2.0.0.1:8081 register finished
09:52:02:979  INFO 84880 --- [restartedMain] com.univolunteer.user.UserApplication    : Started UserApplication in 5.643 seconds (process running for 6.838)
09:52:19:838  INFO 84880 --- [http-nio-8081-exec-1] o.a.c.c.C.[Tomcat].[localhost].[/]       : Initializing Spring DispatcherServlet 'dispatcherServlet'
09:52:19:839  INFO 84880 --- [http-nio-8081-exec-1] o.s.web.servlet.DispatcherServlet        : Initializing Servlet 'dispatcherServlet'
09:52:19:840  INFO 84880 --- [http-nio-8081-exec-1] o.s.web.servlet.DispatcherServlet        : Completed initialization in 1 ms
09:52:19:955  WARN 84880 --- [http-nio-8081-exec-1] c.b.m.c.t.support.ReflectLambdaMeta      : Unable to make field private final java.lang.Class java.lang.invoke.SerializedLambda.capturingClass accessible: module java.base does not "opens java.lang.invoke" to unnamed module @540e555
09:52:19:970  INFO 84880 --- [http-nio-8081-exec-1] com.zaxxer.hikari.HikariDataSource       : HikariPool-1 - Starting...
09:52:20:434  INFO 84880 --- [http-nio-8081-exec-1] com.zaxxer.hikari.pool.HikariPool        : HikariPool-1 - Added connection com.mysql.cj.jdbc.ConnectionImpl@1b5e7adc
09:52:20:436  INFO 84880 --- [http-nio-8081-exec-1] com.zaxxer.hikari.HikariDataSource       : HikariPool-1 - Start completed.
09:54:40:302  INFO 84880 --- [File Watcher] rtingClassPathChangeChangedEventListener : Restarting due to 1 class path change (0 additions, 1 deletion, 0 modifications)
09:54:40:326  INFO 84880 --- [Thread-7] o.apache.catalina.core.StandardService   : Stopping service [Tomcat]
09:54:40:328  INFO 84880 --- [Thread-7] o.a.c.c.C.[Tomcat].[localhost].[/]       : Destroying Spring FrameworkServlet 'dispatcherServlet'
09:54:40:337  WARN 84880 --- [Thread-7] o.a.c.loader.WebappClassLoaderBase       : The web application [ROOT] appears to have started a thread named [HikariPool-1 housekeeper] but has failed to stop it. This is very likely to create a memory leak. Stack trace of thread:
 java.base@17.0.7/jdk.internal.misc.Unsafe.park(Native Method)
 java.base@17.0.7/java.util.concurrent.locks.LockSupport.parkNanos(LockSupport.java:252)
 java.base@17.0.7/java.util.concurrent.locks.AbstractQueuedSynchronizer$ConditionObject.awaitNanos(AbstractQueuedSynchronizer.java:1672)
 java.base@17.0.7/java.util.concurrent.ScheduledThreadPoolExecutor$DelayedWorkQueue.take(ScheduledThreadPoolExecutor.java:1182)
 java.base@17.0.7/java.util.concurrent.ScheduledThreadPoolExecutor$DelayedWorkQueue.take(ScheduledThreadPoolExecutor.java:899)
 java.base@17.0.7/java.util.concurrent.ThreadPoolExecutor.getTask(ThreadPoolExecutor.java:1062)
 java.base@17.0.7/java.util.concurrent.ThreadPoolExecutor.runWorker(ThreadPoolExecutor.java:1122)
 java.base@17.0.7/java.util.concurrent.ThreadPoolExecutor$Worker.run(ThreadPoolExecutor.java:635)
 java.base@17.0.7/java.lang.Thread.run(Thread.java:833)
09:54:40:363  INFO 84880 --- [Thread-7] c.a.c.n.registry.NacosServiceRegistry    : De-registering from Nacos Server now...
09:54:40:363  INFO 84880 --- [Thread-7] com.alibaba.nacos.client.naming          : [DEREGISTER-SERVICE] public deregistering service service-user with instance: Instance{instanceId='null', ip='2.0.0.1', port=8081, weight=1.0, healthy=true, enabled=true, ephemeral=true, clusterName='DEFAULT', serviceName='null', metadata={}}
09:54:40:374  INFO 84880 --- [Thread-7] c.a.c.n.registry.NacosServiceRegistry    : De-registration finished.
09:54:40:375  INFO 84880 --- [Thread-7] com.alibaba.nacos.client.naming          : com.alibaba.nacos.client.naming.cache.ServiceInfoHolder do shutdown begin
09:54:40:375  INFO 84880 --- [Thread-7] com.alibaba.nacos.client.naming          : com.alibaba.nacos.client.naming.backups.FailoverReactor do shutdown begin
09:54:40:375  INFO 84880 --- [Thread-7] com.alibaba.nacos.client.naming          : com.alibaba.nacos.client.naming.backups.FailoverReactor do shutdown stop
09:54:40:375  INFO 84880 --- [Thread-7] com.alibaba.nacos.client.naming          : com.alibaba.nacos.client.naming.cache.ServiceInfoHolder do shutdown stop
09:54:40:375  INFO 84880 --- [Thread-7] com.alibaba.nacos.client.naming          : com.alibaba.nacos.client.naming.remote.NamingClientProxyDelegate do shutdown begin
09:54:40:376  INFO 84880 --- [Thread-7] com.alibaba.nacos.client.naming          : com.alibaba.nacos.client.naming.core.ServiceInfoUpdateService do shutdown begin
09:54:40:376  INFO 84880 --- [Thread-7] com.alibaba.nacos.client.naming          : com.alibaba.nacos.client.naming.core.ServiceInfoUpdateService do shutdown stop
09:54:40:376  INFO 84880 --- [Thread-7] com.alibaba.nacos.client.naming          : com.alibaba.nacos.client.naming.core.ServerListManager do shutdown begin
09:54:40:376  WARN 84880 --- [Thread-7] com.alibaba.nacos.client.naming          : [NamingHttpClientManager] Start destroying NacosRestTemplate
09:54:40:376  WARN 84880 --- [Thread-7] com.alibaba.nacos.client.naming          : [NamingHttpClientManager] Destruction of the end
09:54:40:376  INFO 84880 --- [Thread-7] com.alibaba.nacos.client.naming          : com.alibaba.nacos.client.naming.core.ServerListManager do shutdown stop
09:54:40:376  INFO 84880 --- [Thread-7] com.alibaba.nacos.client.naming          : com.alibaba.nacos.client.naming.remote.http.NamingHttpClientProxy do shutdown begin
09:54:40:376  WARN 84880 --- [Thread-7] com.alibaba.nacos.client.naming          : [NamingHttpClientManager] Start destroying NacosRestTemplate
09:54:40:376  WARN 84880 --- [Thread-7] com.alibaba.nacos.client.naming          : [NamingHttpClientManager] Destruction of the end
09:54:40:376  INFO 84880 --- [Thread-7] com.alibaba.nacos.client.naming          : com.alibaba.nacos.client.naming.remote.http.NamingHttpClientProxy do shutdown stop
09:54:40:376  INFO 84880 --- [Thread-7] com.alibaba.nacos.common.remote.client   : Shutdown rpc client, set status to shutdown
09:54:40:377  INFO 84880 --- [Thread-7] com.alibaba.nacos.common.remote.client   : Shutdown client event executor java.util.concurrent.ScheduledThreadPoolExecutor@31d19b61[Running, pool size = 2, active threads = 2, queued tasks = 0, completed tasks = 0]
09:54:40:377  INFO 84880 --- [Thread-7] com.alibaba.nacos.common.remote.client   : Close current connection 1743093118794_192.168.146.1_8753
09:54:40:382  WARN 84880 --- [nacos-grpc-client-executor-192.168.146.128-56] c.a.n.c.remote.client.grpc.GrpcClient    : [1743093118794_192.168.146.1_8753]Ignore error event,isRunning:false,isAbandon=false
09:54:40:384  INFO 84880 --- [Thread-7] c.a.n.c.remote.client.grpc.GrpcClient    : Shutdown grpc executor java.util.concurrent.ThreadPoolExecutor@20ec72c8[Running, pool size = 5, active threads = 0, queued tasks = 0, completed tasks = 57]
09:54:40:384  INFO 84880 --- [Thread-7] com.alibaba.nacos.client.naming          : Shutdown grpc redo service executor java.util.concurrent.ScheduledThreadPoolExecutor@16942141[Running, pool size = 1, active threads = 0, queued tasks = 1, completed tasks = 52]
09:54:40:384  INFO 84880 --- [Thread-7] c.a.n.c.a.r.identify.CredentialWatcher   : [null] CredentialWatcher is stopped
09:54:40:384  INFO 84880 --- [Thread-7] c.a.n.c.a.r.identify.CredentialService   : [null] CredentialService is freed
09:54:40:385  INFO 84880 --- [Thread-7] com.alibaba.nacos.client.naming          : com.alibaba.nacos.client.naming.remote.NamingClientProxyDelegate do shutdown stop
09:54:40:387  INFO 84880 --- [Thread-7] com.zaxxer.hikari.HikariDataSource       : HikariPool-1 - Shutdown initiated...
09:54:40:422  INFO 84880 --- [Thread-7] com.zaxxer.hikari.HikariDataSource       : HikariPool-1 - Shutdown completed.
09:54:40:837  WARN 84880 --- [restartedMain] c.a.nacos.client.logging.NacosLogging    : Load Logback Configuration of Nacos fail, message: Could not initialize Logback Nacos logging from classpath:nacos-logback.xml
09:54:40:841  WARN 84880 --- [restartedMain] c.a.nacos.client.logging.NacosLogging    : Load Logback Configuration of Nacos fail, message: Could not initialize Logback Nacos logging from classpath:nacos-logback.xml
09:54:40:844  INFO 84880 --- [restartedMain] com.univolunteer.user.UserApplication    : Starting UserApplication using Java 17.0.7 with PID 84880 (D:\IDEA_Project\UniVolunteer\service-user\target\classes started by 05MYX in D:\IDEA_Project\UniVolunteer)
09:54:40:844  INFO 84880 --- [restartedMain] com.univolunteer.user.UserApplication    : The following 1 profile is active: "local"
09:54:41:330  INFO 84880 --- [restartedMain] .s.d.r.c.RepositoryConfigurationDelegate : Multiple Spring Data modules found, entering strict repository configuration mode
09:54:41:331  INFO 84880 --- [restartedMain] .s.d.r.c.RepositoryConfigurationDelegate : Bootstrapping Spring Data Redis repositories in DEFAULT mode.
09:54:41:337  INFO 84880 --- [restartedMain] .s.d.r.c.RepositoryConfigurationDelegate : Finished Spring Data repository scanning in 5 ms. Found 0 Redis repository interfaces.
09:54:41:466  INFO 84880 --- [restartedMain] o.s.cloud.context.scope.GenericScope     : BeanFactory id=e1d33db4-e6d6-3d22-b6ad-5e3a359f4bca
09:54:41:562  INFO 84880 --- [restartedMain] o.s.b.w.embedded.tomcat.TomcatWebServer  : Tomcat initialized with port(s): 8081 (http)
09:54:41:563  INFO 84880 --- [restartedMain] o.apache.catalina.core.StandardService   : Starting service [Tomcat]
09:54:41:564  INFO 84880 --- [restartedMain] o.apache.catalina.core.StandardEngine    : Starting Servlet engine: [Apache Tomcat/10.1.16]
09:54:41:586  INFO 84880 --- [restartedMain] o.a.c.c.C.[Tomcat].[localhost].[/]       : Initializing Spring embedded WebApplicationContext
09:54:41:586  INFO 84880 --- [restartedMain] w.s.c.ServletWebServerApplicationContext : Root WebApplicationContext: initialization completed in 736 ms
09:54:41:723  WARN 84880 --- [restartedMain] ConfigServletWebServerApplicationContext : Exception encountered during context initialization - cancelling refresh attempt: org.springframework.beans.factory.UnsatisfiedDependencyException: Error creating bean with name 'userController' defined in file [D:\IDEA_Project\UniVolunteer\service-user\target\classes\com\univolunteer\user\controller\UserController.class]: Unsatisfied dependency expressed through constructor parameter 2: No qualifying bean of type 'com.univolunteer.user.service.UserService' available: expected at least 1 bean which qualifies as autowire candidate. Dependency annotations: {}
09:54:41:724  INFO 84880 --- [restartedMain] o.apache.catalina.core.StandardService   : Stopping service [Tomcat]
09:54:41:737  INFO 84880 --- [restartedMain] .s.b.a.l.ConditionEvaluationReportLogger : 

Error starting ApplicationContext. To display the condition evaluation report re-run your application with 'debug' enabled.
09:54:41:767 ERROR 84880 --- [restartedMain] o.s.b.d.LoggingFailureAnalysisReporter   : 

***************************
APPLICATION FAILED TO START
***************************

Description:

Parameter 2 of constructor in com.univolunteer.user.controller.UserController required a bean of type 'com.univolunteer.user.service.UserService' that could not be found.


Action:

Consider defining a bean of type 'com.univolunteer.user.service.UserService' in your configuration.

09:54:43:508  WARN 84880 --- [restartedMain] c.a.nacos.client.logging.NacosLogging    : Load Logback Configuration of Nacos fail, message: Could not initialize Logback Nacos logging from classpath:nacos-logback.xml
09:54:43:510  WARN 84880 --- [restartedMain] c.a.nacos.client.logging.NacosLogging    : Load Logback Configuration of Nacos fail, message: Could not initialize Logback Nacos logging from classpath:nacos-logback.xml
09:54:43:513  INFO 84880 --- [restartedMain] com.univolunteer.user.UserApplication    : Starting UserApplication using Java 17.0.7 with PID 84880 (D:\IDEA_Project\UniVolunteer\service-user\target\classes started by 05MYX in D:\IDEA_Project\UniVolunteer)
09:54:43:513  INFO 84880 --- [restartedMain] com.univolunteer.user.UserApplication    : The following 1 profile is active: "local"
09:54:43:733  INFO 84880 --- [restartedMain] .s.d.r.c.RepositoryConfigurationDelegate : Multiple Spring Data modules found, entering strict repository configuration mode
09:54:43:734  INFO 84880 --- [restartedMain] .s.d.r.c.RepositoryConfigurationDelegate : Bootstrapping Spring Data Redis repositories in DEFAULT mode.
09:54:43:740  INFO 84880 --- [restartedMain] .s.d.r.c.RepositoryConfigurationDelegate : Finished Spring Data repository scanning in 5 ms. Found 0 Redis repository interfaces.
09:54:43:784  INFO 84880 --- [restartedMain] o.s.cloud.context.scope.GenericScope     : BeanFactory id=3ffd900f-4f5f-33d1-992e-e5cfab30f191
09:54:43:822  INFO 84880 --- [restartedMain] o.s.b.w.embedded.tomcat.TomcatWebServer  : Tomcat initialized with port(s): 8081 (http)
09:54:43:823  INFO 84880 --- [restartedMain] o.apache.catalina.core.StandardService   : Starting service [Tomcat]
09:54:43:823  INFO 84880 --- [restartedMain] o.apache.catalina.core.StandardEngine    : Starting Servlet engine: [Apache Tomcat/10.1.16]
09:54:43:843  INFO 84880 --- [restartedMain] o.a.c.c.C.[Tomcat-1].[localhost].[/]     : Initializing Spring embedded WebApplicationContext
09:54:43:844  INFO 84880 --- [restartedMain] w.s.c.ServletWebServerApplicationContext : Root WebApplicationContext: initialization completed in 329 ms
09:54:43:960  INFO 84880 --- [restartedMain] c.u.c.c.UserContextInterceptorConfig     : ✅ 加载了 UserContextInterceptorConfig 自动配置
09:54:43:988  INFO 84880 --- [restartedMain] o.s.s.web.DefaultSecurityFilterChain     : Will secure any request with [org.springframework.security.web.session.DisableEncodeUrlFilter@7d2da128, org.springframework.security.web.context.request.async.WebAsyncManagerIntegrationFilter@56f4b440, org.springframework.security.web.context.SecurityContextHolderFilter@70e13397, org.springframework.security.web.header.HeaderWriterFilter@44708a09, org.springframework.security.web.authentication.logout.LogoutFilter@31735035, org.springframework.security.web.savedrequest.RequestCacheAwareFilter@79ee4051, org.springframework.security.web.servletapi.SecurityContextHolderAwareRequestFilter@8975cfe, org.springframework.security.web.authentication.AnonymousAuthenticationFilter@4f6ddc6e, org.springframework.security.web.access.ExceptionTranslationFilter@73904319, org.springframework.security.web.access.intercept.AuthorizationFilter@8d6b992]
09:54:44:531  INFO 84880 --- [restartedMain] o.s.b.d.a.OptionalLiveReloadServer       : LiveReload server is running on port 35729
09:54:44:743  INFO 84880 --- [restartedMain] o.s.b.w.embedded.tomcat.TomcatWebServer  : Tomcat started on port(s): 8081 (http) with context path ''
09:54:44:744  INFO 84880 --- [restartedMain] com.alibaba.nacos.client.naming          : initializer namespace from ans.namespace attribute : null
09:54:44:744  INFO 84880 --- [restartedMain] com.alibaba.nacos.client.naming          : initializer namespace from ALIBABA_ALIWARE_NAMESPACE attribute :null
09:54:44:744  INFO 84880 --- [restartedMain] com.alibaba.nacos.client.naming          : initializer namespace from namespace attribute :null
09:54:44:744  INFO 84880 --- [restartedMain] c.a.n.p.a.s.c.ClientAuthPluginManager    : [ClientAuthPluginManager] Load ClientAuthService com.alibaba.nacos.client.auth.impl.NacosClientAuthServiceImpl success.
09:54:44:745  INFO 84880 --- [restartedMain] c.a.n.p.a.s.c.ClientAuthPluginManager    : [ClientAuthPluginManager] Load ClientAuthService com.alibaba.nacos.client.auth.ram.RamClientAuthServiceImpl success.
09:54:44:746  INFO 84880 --- [restartedMain] c.a.n.c.a.r.identify.CredentialWatcher   : null No credential found
09:54:44:747  INFO 84880 --- [restartedMain] com.alibaba.nacos.common.remote.client   : [RpcClientFactory] create a new rpc client of 6219d496-36b0-4800-ab67-d19b8a97efe3
09:54:44:747  INFO 84880 --- [restartedMain] com.alibaba.nacos.common.remote.client   : [6219d496-36b0-4800-ab67-d19b8a97efe3] RpcClient init, ServerListFactory = com.alibaba.nacos.client.naming.core.ServerListManager
09:54:44:747  INFO 84880 --- [restartedMain] com.alibaba.nacos.common.remote.client   : [6219d496-36b0-4800-ab67-d19b8a97efe3] Registry connection listener to current client:com.alibaba.nacos.client.naming.remote.gprc.redo.NamingGrpcRedoService
09:54:44:747  INFO 84880 --- [restartedMain] com.alibaba.nacos.common.remote.client   : [6219d496-36b0-4800-ab67-d19b8a97efe3] Register server push request handler:com.alibaba.nacos.client.naming.remote.gprc.NamingPushRequestHandler
09:54:44:747  INFO 84880 --- [restartedMain] com.alibaba.nacos.common.remote.client   : [6219d496-36b0-4800-ab67-d19b8a97efe3] Try to connect to server on start up, server: {serverIp = '192.168.146.128', server main port = 8848}
09:54:44:748  INFO 84880 --- [restartedMain] c.a.n.c.remote.client.grpc.GrpcClient    : grpc client connection server:192.168.146.128 ip,serverPort:9848,grpcTslConfig:{"sslProvider":"OPENSSL","enableTls":false,"mutualAuthEnable":false,"trustAll":false}
09:54:44:889  INFO 84880 --- [restartedMain] com.alibaba.nacos.common.remote.client   : [6219d496-36b0-4800-ab67-d19b8a97efe3] Success to connect to server [192.168.146.128:8848] on start up, connectionId = 1743093294505_192.168.146.1_8887
09:54:44:889  INFO 84880 --- [restartedMain] com.alibaba.nacos.common.remote.client   : [6219d496-36b0-4800-ab67-d19b8a97efe3] Register server push request handler:com.alibaba.nacos.common.remote.client.RpcClient$ConnectResetRequestHandler
09:54:44:889  INFO 84880 --- [com.alibaba.nacos.client.remote.worker] com.alibaba.nacos.common.remote.client   : [6219d496-36b0-4800-ab67-d19b8a97efe3] Notify connected event to listeners.
09:54:44:889  INFO 84880 --- [restartedMain] com.alibaba.nacos.common.remote.client   : [6219d496-36b0-4800-ab67-d19b8a97efe3] Register server push request handler:com.alibaba.nacos.common.remote.client.RpcClient$$Lambda$1193/0x0000000801417900
09:54:44:889  INFO 84880 --- [com.alibaba.nacos.client.remote.worker] com.alibaba.nacos.client.naming          : Grpc connection connect
09:54:44:890  INFO 84880 --- [restartedMain] com.alibaba.nacos.client.naming          : [REGISTER-SERVICE] public registering service service-user with instance Instance{instanceId='null', ip='2.0.0.1', port=8081, weight=1.0, healthy=true, enabled=true, ephemeral=true, clusterName='DEFAULT', serviceName='null', metadata={IPv6=null, preserved.register.source=SPRING_CLOUD}}
09:54:44:898  INFO 84880 --- [restartedMain] c.a.c.n.registry.NacosServiceRegistry    : nacos registry, DEFAULT_GROUP service-user 2.0.0.1:8081 register finished
09:54:45:070  INFO 84880 --- [restartedMain] com.univolunteer.user.UserApplication    : Started UserApplication in 1.867 seconds (process running for 168.93)
09:54:45:072  INFO 84880 --- [restartedMain] .ConditionEvaluationDeltaLoggingListener : Condition evaluation unchanged
09:57:19:206  WARN 84880 --- [Thread-13] c.a.n.common.http.HttpClientBeanHolder   : [HttpClientBeanHolder] Start destroying common HttpClient
09:57:19:206  WARN 84880 --- [Thread-10] c.a.nacos.common.notify.NotifyCenter     : [NotifyCenter] Start destroying Publisher
09:57:19:207  WARN 84880 --- [Thread-10] c.a.nacos.common.notify.NotifyCenter     : [NotifyCenter] Destruction of the end
09:57:19:207  WARN 84880 --- [Thread-13] c.a.n.common.http.HttpClientBeanHolder   : [HttpClientBeanHolder] Destruction of the end
09:57:19:228  INFO 84880 --- [SpringApplicationShutdownHook] c.a.c.n.registry.NacosServiceRegistry    : De-registering from Nacos Server now...
09:57:19:228  INFO 84880 --- [SpringApplicationShutdownHook] com.alibaba.nacos.client.naming          : [DEREGISTER-SERVICE] public deregistering service service-user with instance: Instance{instanceId='null', ip='2.0.0.1', port=8081, weight=1.0, healthy=true, enabled=true, ephemeral=true, clusterName='DEFAULT', serviceName='null', metadata={}}
09:57:19:241  INFO 84880 --- [SpringApplicationShutdownHook] c.a.c.n.registry.NacosServiceRegistry    : De-registration finished.
09:57:19:241  INFO 84880 --- [SpringApplicationShutdownHook] com.alibaba.nacos.client.naming          : com.alibaba.nacos.client.naming.cache.ServiceInfoHolder do shutdown begin
09:57:19:241  INFO 84880 --- [SpringApplicationShutdownHook] com.alibaba.nacos.client.naming          : com.alibaba.nacos.client.naming.backups.FailoverReactor do shutdown begin
09:57:19:242  INFO 84880 --- [SpringApplicationShutdownHook] com.alibaba.nacos.client.naming          : com.alibaba.nacos.client.naming.backups.FailoverReactor do shutdown stop
09:57:19:242  INFO 84880 --- [SpringApplicationShutdownHook] com.alibaba.nacos.client.naming          : com.alibaba.nacos.client.naming.cache.ServiceInfoHolder do shutdown stop
09:57:19:242  INFO 84880 --- [SpringApplicationShutdownHook] com.alibaba.nacos.client.naming          : com.alibaba.nacos.client.naming.remote.NamingClientProxyDelegate do shutdown begin
09:57:19:242  INFO 84880 --- [SpringApplicationShutdownHook] com.alibaba.nacos.client.naming          : com.alibaba.nacos.client.naming.core.ServiceInfoUpdateService do shutdown begin
09:57:19:242  INFO 84880 --- [SpringApplicationShutdownHook] com.alibaba.nacos.client.naming          : com.alibaba.nacos.client.naming.core.ServiceInfoUpdateService do shutdown stop
09:57:19:242  INFO 84880 --- [SpringApplicationShutdownHook] com.alibaba.nacos.client.naming          : com.alibaba.nacos.client.naming.core.ServerListManager do shutdown begin
09:57:19:242  WARN 84880 --- [SpringApplicationShutdownHook] com.alibaba.nacos.client.naming          : [NamingHttpClientManager] Start destroying NacosRestTemplate
09:57:19:242  WARN 84880 --- [SpringApplicationShutdownHook] com.alibaba.nacos.client.naming          : [NamingHttpClientManager] Destruction of the end
09:57:19:242  INFO 84880 --- [SpringApplicationShutdownHook] com.alibaba.nacos.client.naming          : com.alibaba.nacos.client.naming.core.ServerListManager do shutdown stop
09:57:19:242  INFO 84880 --- [SpringApplicationShutdownHook] com.alibaba.nacos.client.naming          : com.alibaba.nacos.client.naming.remote.http.NamingHttpClientProxy do shutdown begin
09:57:19:242  WARN 84880 --- [SpringApplicationShutdownHook] com.alibaba.nacos.client.naming          : [NamingHttpClientManager] Start destroying NacosRestTemplate
09:57:19:242  WARN 84880 --- [SpringApplicationShutdownHook] com.alibaba.nacos.client.naming          : [NamingHttpClientManager] Destruction of the end
09:57:19:242  INFO 84880 --- [SpringApplicationShutdownHook] com.alibaba.nacos.client.naming          : com.alibaba.nacos.client.naming.remote.http.NamingHttpClientProxy do shutdown stop
09:57:19:242  INFO 84880 --- [SpringApplicationShutdownHook] com.alibaba.nacos.common.remote.client   : Shutdown rpc client, set status to shutdown
09:57:19:242  INFO 84880 --- [SpringApplicationShutdownHook] com.alibaba.nacos.common.remote.client   : Shutdown client event executor java.util.concurrent.ScheduledThreadPoolExecutor@2604630a[Running, pool size = 2, active threads = 2, queued tasks = 0, completed tasks = 0]
09:57:19:242  INFO 84880 --- [SpringApplicationShutdownHook] com.alibaba.nacos.common.remote.client   : Close current connection 1743093294505_192.168.146.1_8887
09:57:19:243  INFO 84880 --- [SpringApplicationShutdownHook] c.a.n.c.remote.client.grpc.GrpcClient    : Shutdown grpc executor java.util.concurrent.ThreadPoolExecutor@729bb5eb[Running, pool size = 6, active threads = 1, queued tasks = 0, completed tasks = 43]
09:57:19:243  INFO 84880 --- [SpringApplicationShutdownHook] com.alibaba.nacos.client.naming          : Shutdown grpc redo service executor java.util.concurrent.ScheduledThreadPoolExecutor@2fdff85c[Running, pool size = 1, active threads = 0, queued tasks = 1, completed tasks = 51]
09:57:19:243  INFO 84880 --- [SpringApplicationShutdownHook] c.a.n.c.a.r.identify.CredentialWatcher   : [null] CredentialWatcher is stopped
09:57:19:243  INFO 84880 --- [SpringApplicationShutdownHook] c.a.n.c.a.r.identify.CredentialService   : [null] CredentialService is freed
09:57:19:243  WARN 84880 --- [nacos-grpc-client-executor-192.168.146.128-43] c.a.n.c.remote.client.grpc.GrpcClient    : [1743093294505_192.168.146.1_8887]Ignore error event,isRunning:false,isAbandon=false
09:57:19:243  INFO 84880 --- [SpringApplicationShutdownHook] com.alibaba.nacos.client.naming          : com.alibaba.nacos.client.naming.remote.NamingClientProxyDelegate do shutdown stop
